{"name": "test_put_bill_manage_put", "status": "broken", "statusDetails": {"message": "selenium.common.exceptions.TimeoutException: Message:", "trace": "self = <scripts.test_put_manage.TestDeptManage testMethod=test_put_bill_manage_put>\n\n    @pytest.mark.run(order=2)\n    def test_put_bill_manage_put(self):\n>       self.ppm.put_bill_manage_put()\n\nscripts\\test_put_manage.py:28: \n_ _ _ _ _ _ _ _ _ _ _ _ _ _ _ _ _ _ _ _ _ _ _ _ _ _ _ _ _ _ _ _ _ _ _ _ _ _ _ _ _ _ _ _ _ _ _ _ _ _ _ _ _ _ _ _ _ _ _ _ _ _ _ _ _ _ _ _ _ _ _ _ _ _ _ _ _ _ _ _ _ _ _ _ _ _ _ _ _ _ _ _ _ _ _ _ _ _ _ _ _ _ _ _ _ _ _ _ _ _ _ _ _ _ _ _\npage\\page_put_manage.py:363: in put_bill_manage_put\n    self.put_bill_manage_approval()\npage\\page_put_manage.py:354: in put_bill_manage_approval\n    self.page_put_bill_manage_approval_button()\npage\\page_put_manage.py:225: in page_put_bill_manage_approval_button\n    self.base_click(page.public_two_row_button)\nbase\\base.py:19: in base_click\n    self.base_find_element(loc).click()\nbase\\base.py:15: in base_find_element\n    lambda x: x.find_element(*loc))\n_ _ _ _ _ _ _ _ _ _ _ _ _ _ _ _ _ _ _ _ _ _ _ _ _ _ _ _ _ _ _ _ _ _ _ _ _ _ _ _ _ _ _ _ _ _ _ _ _ _ _ _ _ _ _ _ _ _ _ _ _ _ _ _ _ _ _ _ _ _ _ _ _ _ _ _ _ _ _ _ _ _ _ _ _ _ _ _ _ _ _ _ _ _ _ _ _ _ _ _ _ _ _ _ _ _ _ _ _ _ _ _ _ _ _ _\n\nself = <selenium.webdriver.support.wait.WebDriverWait (session=\"39088860-56f8-4051-ab72-da78004a9360\")>, method = <function Base.base_find_element.<locals>.<lambda> at 0x000001F9FC3639D8>, message = ''\n\n    def until(self, method, message=''):\n        \"\"\"Calls the method provided with the driver as an argument until the \\\n        return value is not False.\"\"\"\n        screen = None\n        stacktrace = None\n    \n        end_time = time.time() + self._timeout\n        while True:\n            try:\n                value = method(self._driver)\n                if value:\n                    return value\n            except self._ignored_exceptions as exc:\n                screen = getattr(exc, 'screen', None)\n                stacktrace = getattr(exc, 'stacktrace', None)\n            time.sleep(self._poll)\n            if time.time() > end_time:\n                break\n>       raise TimeoutException(message, screen, stacktrace)\nE       selenium.common.exceptions.TimeoutException: Message:\n\n..\\..\\appdata\\local\\programs\\python\\python37\\lib\\site-packages\\selenium\\webdriver\\support\\wait.py:80: TimeoutException"}, "start": 1591154054259, "stop": 1591154071568, "uuid": "0d845aee-f727-429d-9abd-00efe01c6316", "historyId": "f74aa801aa4c825127215c034f9b34ae", "testCaseId": "74ae8a4999314290b3e9685a730d7b1e", "fullName": "scripts.test_put_manage.TestDeptManage#test_put_bill_manage_put", "labels": [{"name": "tag", "value": "run(order=2)"}, {"name": "parentSuite", "value": "scripts"}, {"name": "suite", "value": "test_put_manage"}, {"name": "subSuite", "value": "TestDeptManage"}, {"name": "host", "value": "DESKTOP-DMQR5NN"}, {"name": "thread", "value": "13924-MainThread"}, {"name": "framework", "value": "pytest"}, {"name": "language", "value": "cpython3"}, {"name": "package", "value": "scripts.test_put_manage"}]}