{"name": "test_scrap_manage_approval", "status": "broken", "statusDetails": {"message": "selenium.common.exceptions.TimeoutException: Message:", "trace": "self = <scripts.test_out_manage.TestDeptManage testMethod=test_scrap_manage_approval>\n\n    @pytest.mark.run(order=2)\n    def test_scrap_manage_approval(self):\n>       self.pom.scrap_manage_approval()\n\nscripts\\test_out_manage.py:28: \n_ _ _ _ _ _ _ _ _ _ _ _ _ _ _ _ _ _ _ _ _ _ _ _ _ _ _ _ _ _ _ _ _ _ _ _ _ _ _ _ _ _ _ _ _ _ _ _ _ _ _ _ _ _ _ _ _ _ _ _ _ _ _ _ _ _ _ _ _ _ _ _ _ _ _ _ _ _ _ _ _ _ _ _ _ _ _ _ _ _ _ _ _ _ _ _ _ _ _ _ _ _ _ _ _ _ _ _ _ _ _ _ _ _ _ _\npage\\page_out_manage.py:159: in scrap_manage_approval\n    self.page_scrap_manage_approval_button()\npage\\page_out_manage.py:100: in page_scrap_manage_approval_button\n    self.base_click(page.public_two_row_button)\nbase\\base.py:19: in base_click\n    self.base_find_element(loc).click()\nbase\\base.py:15: in base_find_element\n    lambda x: x.find_element(*loc))\n_ _ _ _ _ _ _ _ _ _ _ _ _ _ _ _ _ _ _ _ _ _ _ _ _ _ _ _ _ _ _ _ _ _ _ _ _ _ _ _ _ _ _ _ _ _ _ _ _ _ _ _ _ _ _ _ _ _ _ _ _ _ _ _ _ _ _ _ _ _ _ _ _ _ _ _ _ _ _ _ _ _ _ _ _ _ _ _ _ _ _ _ _ _ _ _ _ _ _ _ _ _ _ _ _ _ _ _ _ _ _ _ _ _ _ _\n\nself = <selenium.webdriver.support.wait.WebDriverWait (session=\"43bc6ad0-f04a-427e-92b0-915bd3665196\")>, method = <function Base.base_find_element.<locals>.<lambda> at 0x000001BEA77B6598>, message = ''\n\n    def until(self, method, message=''):\n        \"\"\"Calls the method provided with the driver as an argument until the \\\n        return value is not False.\"\"\"\n        screen = None\n        stacktrace = None\n    \n        end_time = time.time() + self._timeout\n        while True:\n            try:\n                value = method(self._driver)\n                if value:\n                    return value\n            except self._ignored_exceptions as exc:\n                screen = getattr(exc, 'screen', None)\n                stacktrace = getattr(exc, 'stacktrace', None)\n            time.sleep(self._poll)\n            if time.time() > end_time:\n                break\n>       raise TimeoutException(message, screen, stacktrace)\nE       selenium.common.exceptions.TimeoutException: Message:\n\n..\\..\\appdata\\local\\programs\\python\\python37\\lib\\site-packages\\selenium\\webdriver\\support\\wait.py:80: TimeoutException"}, "start": 1591170065135, "stop": 1591170080304, "uuid": "51644e23-e2a8-427a-b534-d8e889018ab2", "historyId": "5df4adb045424bfd5d6862a98e0c019b", "testCaseId": "6598de94e3608a2cef078369fbdccb08", "fullName": "scripts.test_out_manage.TestDeptManage#test_scrap_manage_approval", "labels": [{"name": "tag", "value": "run(order=2)"}, {"name": "parentSuite", "value": "scripts"}, {"name": "suite", "value": "test_out_manage"}, {"name": "subSuite", "value": "TestDeptManage"}, {"name": "host", "value": "DESKTOP-DMQR5NN"}, {"name": "thread", "value": "1012-MainThread"}, {"name": "framework", "value": "pytest"}, {"name": "language", "value": "cpython3"}, {"name": "package", "value": "scripts.test_out_manage"}]}